practice/money_grower/build/app/intermediates/manifest_merge_blame_file/debug/manifest-merger-blame-debug-report.txt
1<?xml version="1.0" encoding="utf-8"?>
2<manifest xmlns:android="http://schemas.android.com/apk/res/android"
3    package="com.example.money_grower"
4    android:versionCode="1"
5    android:versionName="1.0.0" >
6
7    <uses-sdk
8        android:minSdkVersion="16"
9        android:targetSdkVersion="28" />
10    <!--
11         Flutter needs it to communicate with the running application
12         to allow setting breakpoints, to provide hot reload, etc.
13    -->
14    <uses-permission android:name="android.permission.INTERNET" />
14-->src\debug\AndroidManifest.xml:6:5-66
14-->src\debug\AndroidManifest.xml:6:22-64
15    <uses-permission android:name="android.permission.ACCESS_NETWORK_STATE" />
15-->[:firebase_analytics] AndroidManifest.xml:7:5-79
15-->[:firebase_analytics] AndroidManifest.xml:7:22-76
16    <uses-permission android:name="android.permission.WAKE_LOCK" />
16-->[:firebase_analytics] AndroidManifest.xml:9:5-68
16-->[:firebase_analytics] AndroidManifest.xml:9:22-65
17    <uses-permission android:name="android.permission.READ_EXTERNAL_STORAGE" />
17-->[:image_picker] AndroidManifest.xml:7:5-80
17-->[:image_picker] AndroidManifest.xml:7:22-77
18    <uses-permission android:name="android.permission.WRITE_EXTERNAL_STORAGE" /> <!-- Required by older versions of Google Play services to create IID tokens -->
18-->[:image_picker] AndroidManifest.xml:8:5-81
18-->[:image_picker] AndroidManifest.xml:8:22-78
19    <uses-permission android:name="com.google.android.c2dm.permission.RECEIVE" />
19-->[com.google.firebase:firebase-iid:17.1.2] AndroidManifest.xml:26:5-82
19-->[com.google.firebase:firebase-iid:17.1.2] AndroidManifest.xml:26:22-79
20    <uses-permission android:name="com.google.android.finsky.permission.BIND_GET_INSTALL_REFERRER_SERVICE" />
20-->[com.google.android.gms:play-services-measurement:16.5.0] AndroidManifest.xml:26:5-110
20-->[com.google.android.gms:play-services-measurement:16.5.0] AndroidManifest.xml:26:22-107
21    <!--
22 io.flutter.app.FlutterApplication is an android.app.Application that
23         calls FlutterMain.startInitialization(this); in its onCreate method.
24         In most cases you can leave this as-is, but you if you want to provide
25         additional functionality it is fine to subclass or reimplement
26         FlutterApplication and put your custom class here.
27    -->
28    <application
28-->src\main\AndroidManifest.xml:9:5-50:19
29        android:name="io.flutter.app.FlutterApplication"
29-->src\main\AndroidManifest.xml:10:9-57
30        android:appComponentFactory="androidx.core.app.CoreComponentFactory"
30-->[androidx.core:core:1.0.2] AndroidManifest.xml:22:18-86
31        android:debuggable="true"
32        android:icon="@mipmap/ic_launcher"
32-->src\main\AndroidManifest.xml:12:9-43
33        android:label="money_grower"
33-->src\main\AndroidManifest.xml:11:9-37
34        android:supportsRtl="true" >
34-->[com.facebook.android:facebook-login:5.5.1] AndroidManifest.xml:28:18-44
35        <activity
35-->src\main\AndroidManifest.xml:13:9-31:20
36            android:name="com.example.money_grower.MainActivity"
36-->src\main\AndroidManifest.xml:14:13-41
37            android:configChanges="orientation|keyboardHidden|keyboard|screenSize|locale|layoutDirection|fontScale|screenLayout|density|uiMode"
37-->src\main\AndroidManifest.xml:17:13-144
38            android:hardwareAccelerated="true"
38-->src\main\AndroidManifest.xml:18:13-47
39            android:launchMode="singleTop"
39-->src\main\AndroidManifest.xml:15:13-43
40            android:theme="@style/LaunchTheme"
40-->src\main\AndroidManifest.xml:16:13-47
41            android:windowSoftInputMode="adjustResize" >
41-->src\main\AndroidManifest.xml:19:13-55
42
43            <!--
44                 This keeps the window background of the activity showing
45                 until Flutter renders its first frame. It can be removed if
46                 there is no splash screen (such as the default splash screen
47                 defined in @style/LaunchTheme).
48            -->
49            <meta-data
49-->src\main\AndroidManifest.xml:24:13-26:40
50                android:name="io.flutter.app.android.SplashScreenUntilFirstFrame"
50-->src\main\AndroidManifest.xml:25:17-82
51                android:value="true" />
51-->src\main\AndroidManifest.xml:26:17-37
52
53            <intent-filter>
53-->src\main\AndroidManifest.xml:27:13-30:29
54                <action android:name="android.intent.action.MAIN" />
54-->src\main\AndroidManifest.xml:28:17-68
54-->src\main\AndroidManifest.xml:28:25-66
55
56                <category android:name="android.intent.category.LAUNCHER" />
56-->src\main\AndroidManifest.xml:29:17-76
56-->src\main\AndroidManifest.xml:29:27-74
57            </intent-filter>
58        </activity>
59
60        <meta-data
60-->src\main\AndroidManifest.xml:32:9-33:61
61            android:name="com.facebook.sdk.ApplicationId"
61-->src\main\AndroidManifest.xml:32:20-65
62            android:value="@string/facebook_app_id" />
62-->src\main\AndroidManifest.xml:33:20-59
63
64        <activity
64-->src\main\AndroidManifest.xml:35:9-38:54
65            android:name="com.facebook.FacebookActivity"
65-->src\main\AndroidManifest.xml:35:19-63
66            android:configChanges="keyboard|keyboardHidden|screenLayout|screenSize|orientation"
66-->src\main\AndroidManifest.xml:36:19-130
67            android:label="@string/app_name"
67-->src\main\AndroidManifest.xml:38:19-51
68            android:theme="@style/com_facebook_activity_theme" />
68-->[com.facebook.android:facebook-common:5.5.1] AndroidManifest.xml:32:13-63
69        <activity
69-->src\main\AndroidManifest.xml:40:9-49:20
70            android:name="com.facebook.CustomTabActivity"
70-->src\main\AndroidManifest.xml:41:17-62
71            android:exported="true" >
71-->src\main\AndroidManifest.xml:42:17-40
72            <intent-filter>
72-->src\main\AndroidManifest.xml:43:13-48:29
73                <action android:name="android.intent.action.VIEW" />
73-->src\main\AndroidManifest.xml:44:17-69
73-->src\main\AndroidManifest.xml:44:25-66
74
75                <category android:name="android.intent.category.DEFAULT" />
75-->src\main\AndroidManifest.xml:45:17-76
75-->src\main\AndroidManifest.xml:45:27-73
76                <category android:name="android.intent.category.BROWSABLE" />
76-->src\main\AndroidManifest.xml:46:17-78
76-->src\main\AndroidManifest.xml:46:27-75
77
78                <data android:scheme="@string/fb_login_protocol_scheme" />
78-->src\main\AndroidManifest.xml:47:17-75
78-->src\main\AndroidManifest.xml:47:23-72
79            </intent-filter>
80        </activity>
81
82        <service
82-->[:firebase_storage] AndroidManifest.xml:8:9-12:19
83            android:name="com.google.firebase.components.ComponentDiscoveryService"
83-->[:firebase_storage] AndroidManifest.xml:8:18-89
84            android:exported="false" >
84-->[com.google.firebase:firebase-auth:17.0.0] AndroidManifest.xml:35:13-37
85            <meta-data
85-->[:firebase_storage] AndroidManifest.xml:9:13-11:85
86                android:name="com.google.firebase.components:io.flutter.plugins.firebase.storage.FlutterFirebaseAppRegistrar"
86-->[:firebase_storage] AndroidManifest.xml:10:17-126
87                android:value="com.google.firebase.components.ComponentRegistrar" />
87-->[:firebase_storage] AndroidManifest.xml:11:17-82
88            <meta-data
88-->[:firebase_analytics] AndroidManifest.xml:13:13-15:85
89                android:name="com.google.firebase.components:io.flutter.plugins.firebaseanalytics.FlutterFirebaseAppRegistrar"
89-->[:firebase_analytics] AndroidManifest.xml:14:17-127
90                android:value="com.google.firebase.components.ComponentRegistrar" />
90-->[:firebase_analytics] AndroidManifest.xml:15:17-82
91            <meta-data
91-->[:cloud_firestore] AndroidManifest.xml:9:13-11:85
92                android:name="com.google.firebase.components:io.flutter.plugins.firebase.cloudfirestore.FlutterFirebaseAppRegistrar"
92-->[:cloud_firestore] AndroidManifest.xml:10:17-133
93                android:value="com.google.firebase.components.ComponentRegistrar" />
93-->[:cloud_firestore] AndroidManifest.xml:11:17-82
94            <meta-data
94-->[:firebase_database] AndroidManifest.xml:9:13-11:85
95                android:name="com.google.firebase.components:io.flutter.plugins.firebase.database.FlutterFirebaseAppRegistrar"
95-->[:firebase_database] AndroidManifest.xml:10:17-127
96                android:value="com.google.firebase.components.ComponentRegistrar" />
96-->[:firebase_database] AndroidManifest.xml:11:17-82
97            <meta-data
97-->[:firebase_core] AndroidManifest.xml:9:13-11:85
98                android:name="com.google.firebase.components:io.flutter.plugins.firebase.core.FlutterFirebaseAppRegistrar"
98-->[:firebase_core] AndroidManifest.xml:10:17-123
99                android:value="com.google.firebase.components.ComponentRegistrar" />
99-->[:firebase_core] AndroidManifest.xml:11:17-82
100            <meta-data
100-->[:firebase_auth] AndroidManifest.xml:9:13-11:85
101                android:name="com.google.firebase.components:io.flutter.plugins.firebaseauth.FlutterFirebaseAppRegistrar"
101-->[:firebase_auth] AndroidManifest.xml:10:17-122
102                android:value="com.google.firebase.components.ComponentRegistrar" />
102-->[:firebase_auth] AndroidManifest.xml:11:17-82
103            <meta-data
103-->[com.google.firebase:firebase-firestore:19.0.0] AndroidManifest.xml:18:13-20:85
104                android:name="com.google.firebase.components:com.google.firebase.firestore.FirestoreRegistrar"
104-->[com.google.firebase:firebase-firestore:19.0.0] AndroidManifest.xml:19:17-111
105                android:value="com.google.firebase.components.ComponentRegistrar" />
105-->[com.google.firebase:firebase-firestore:19.0.0] AndroidManifest.xml:20:17-82
106            <meta-data
106-->[com.google.firebase:firebase-storage:17.0.0] AndroidManifest.xml:31:13-33:85
107                android:name="com.google.firebase.components:com.google.firebase.storage.StorageRegistrar"
107-->[com.google.firebase:firebase-storage:17.0.0] AndroidManifest.xml:32:17-107
108                android:value="com.google.firebase.components.ComponentRegistrar" />
108-->[com.google.firebase:firebase-storage:17.0.0] AndroidManifest.xml:33:17-82
109            <meta-data
109-->[com.google.firebase:firebase-database:17.0.0] AndroidManifest.xml:30:13-32:85
110                android:name="com.google.firebase.components:com.google.firebase.database.DatabaseRegistrar"
110-->[com.google.firebase:firebase-database:17.0.0] AndroidManifest.xml:31:17-109
111                android:value="com.google.firebase.components.ComponentRegistrar" />
111-->[com.google.firebase:firebase-database:17.0.0] AndroidManifest.xml:32:17-82
112            <meta-data
112-->[com.google.firebase:firebase-auth:17.0.0] AndroidManifest.xml:36:13-38:85
113                android:name="com.google.firebase.components:com.google.firebase.auth.FirebaseAuthRegistrar"
113-->[com.google.firebase:firebase-auth:17.0.0] AndroidManifest.xml:37:17-109
114                android:value="com.google.firebase.components.ComponentRegistrar" />
114-->[com.google.firebase:firebase-auth:17.0.0] AndroidManifest.xml:38:17-82
115            <meta-data
115-->[com.google.android.gms:play-services-measurement-api:16.5.0] AndroidManifest.xml:30:13-32:85
116                android:name="com.google.firebase.components:com.google.firebase.analytics.connector.internal.AnalyticsConnectorRegistrar"
116-->[com.google.android.gms:play-services-measurement-api:16.5.0] AndroidManifest.xml:31:17-139
117                android:value="com.google.firebase.components.ComponentRegistrar" />
117-->[com.google.android.gms:play-services-measurement-api:16.5.0] AndroidManifest.xml:32:17-82
118            <meta-data
118-->[com.google.firebase:firebase-iid:17.1.2] AndroidManifest.xml:32:13-34:85
119                android:name="com.google.firebase.components:com.google.firebase.iid.Registrar"
119-->[com.google.firebase:firebase-iid:17.1.2] AndroidManifest.xml:33:17-96
120                android:value="com.google.firebase.components.ComponentRegistrar" />
120-->[com.google.firebase:firebase-iid:17.1.2] AndroidManifest.xml:34:17-82
121        </service>
122
123        <provider
123-->[:image_picker] AndroidManifest.xml:11:9-19:20
124            android:name="io.flutter.plugins.imagepicker.ImagePickerFileProvider"
124-->[:image_picker] AndroidManifest.xml:12:13-82
125            android:authorities="com.example.money_grower.flutter.image_provider"
125-->[:image_picker] AndroidManifest.xml:13:13-74
126            android:exported="false"
126-->[:image_picker] AndroidManifest.xml:14:13-37
127            android:grantUriPermissions="true" >
127-->[:image_picker] AndroidManifest.xml:15:13-47
128            <meta-data
128-->[:image_picker] AndroidManifest.xml:16:13-18:75
129                android:name="android.support.FILE_PROVIDER_PATHS"
129-->[:image_picker] AndroidManifest.xml:17:17-67
130                android:resource="@xml/flutter_image_picker_file_paths" />
130-->[:image_picker] AndroidManifest.xml:18:17-72
131        </provider>
132
133        <activity
133-->[com.google.android.gms:play-services-auth:16.0.1] AndroidManifest.xml:23:9-27:75
134            android:name="com.google.android.gms.auth.api.signin.internal.SignInHubActivity"
134-->[com.google.android.gms:play-services-auth:16.0.1] AndroidManifest.xml:24:13-93
135            android:excludeFromRecents="true"
135-->[com.google.android.gms:play-services-auth:16.0.1] AndroidManifest.xml:25:13-46
136            android:exported="false"
136-->[com.google.android.gms:play-services-auth:16.0.1] AndroidManifest.xml:26:13-37
137            android:theme="@android:style/Theme.Translucent.NoTitleBar" />
137-->[com.google.android.gms:play-services-auth:16.0.1] AndroidManifest.xml:27:13-72
138        <!--
139            Service handling Google Sign-In user revocation. For apps that do not integrate with
140            Google Sign-In, this service will never be started.
141        -->
142        <service
142-->[com.google.android.gms:play-services-auth:16.0.1] AndroidManifest.xml:33:9-36:110
143            android:name="com.google.android.gms.auth.api.signin.RevocationBoundService"
143-->[com.google.android.gms:play-services-auth:16.0.1] AndroidManifest.xml:34:13-89
144            android:exported="true"
144-->[com.google.android.gms:play-services-auth:16.0.1] AndroidManifest.xml:35:13-36
145            android:permission="com.google.android.gms.auth.api.signin.permission.REVOCATION_NOTIFICATION" />
145-->[com.google.android.gms:play-services-auth:16.0.1] AndroidManifest.xml:36:13-107
146
147        <activity
147-->[com.google.firebase:firebase-auth:17.0.0] AndroidManifest.xml:24:9-31:50
148            android:name="com.google.firebase.auth.internal.FederatedSignInActivity"
148-->[com.google.firebase:firebase-auth:17.0.0] AndroidManifest.xml:25:13-85
149            android:excludeFromRecents="true"
149-->[com.google.firebase:firebase-auth:17.0.0] AndroidManifest.xml:26:13-46
150            android:exported="true"
150-->[com.google.firebase:firebase-auth:17.0.0] AndroidManifest.xml:27:13-36
151            android:launchMode="singleTask"
151-->[com.google.firebase:firebase-auth:17.0.0] AndroidManifest.xml:28:13-44
152            android:permission="com.google.firebase.auth.api.gms.permission.LAUNCH_FEDERATED_SIGN_IN"
152-->[com.google.firebase:firebase-auth:17.0.0] AndroidManifest.xml:29:13-102
153            android:theme="@android:style/Theme.Translucent.NoTitleBar" />
153-->[com.google.firebase:firebase-auth:17.0.0] AndroidManifest.xml:30:13-72
154
155        <receiver
155-->[com.google.firebase:firebase-iid:17.1.2] AndroidManifest.xml:37:9-44:20
156            android:name="com.google.firebase.iid.FirebaseInstanceIdReceiver"
156-->[com.google.firebase:firebase-iid:17.1.2] AndroidManifest.xml:38:13-78
157            android:exported="true"
157-->[com.google.firebase:firebase-iid:17.1.2] AndroidManifest.xml:39:13-36
158            android:permission="com.google.android.c2dm.permission.SEND" >
158-->[com.google.firebase:firebase-iid:17.1.2] AndroidManifest.xml:40:13-73
159            <intent-filter>
159-->[com.google.firebase:firebase-iid:17.1.2] AndroidManifest.xml:41:13-43:29
160                <action android:name="com.google.android.c2dm.intent.RECEIVE" />
160-->[com.google.firebase:firebase-iid:17.1.2] AndroidManifest.xml:42:17-81
160-->[com.google.firebase:firebase-iid:17.1.2] AndroidManifest.xml:42:25-78
161            </intent-filter>
162        </receiver>
163        <!--
164             FirebaseInstanceIdService performs security checks at runtime,
165             no need for explicit permissions despite exported="true"
166        -->
167        <service
167-->[com.google.firebase:firebase-iid:17.1.2] AndroidManifest.xml:50:9-56:19
168            android:name="com.google.firebase.iid.FirebaseInstanceIdService"
168-->[com.google.firebase:firebase-iid:17.1.2] AndroidManifest.xml:51:13-77
169            android:exported="true" >
169-->[com.google.firebase:firebase-iid:17.1.2] AndroidManifest.xml:52:13-36
170            <intent-filter android:priority="-500" >
170-->[com.google.firebase:firebase-iid:17.1.2] AndroidManifest.xml:53:13-55:29
170-->[com.google.firebase:firebase-iid:17.1.2] AndroidManifest.xml:53:28-51
171                <action android:name="com.google.firebase.INSTANCE_ID_EVENT" />
171-->[com.google.firebase:firebase-iid:17.1.2] AndroidManifest.xml:54:17-80
171-->[com.google.firebase:firebase-iid:17.1.2] AndroidManifest.xml:54:25-77
172            </intent-filter>
173        </service>
174
175        <provider
175-->[com.google.firebase:firebase-common:17.0.0] AndroidManifest.xml:12:9-16:39
176            android:name="com.google.firebase.provider.FirebaseInitProvider"
176-->[com.google.firebase:firebase-common:17.0.0] AndroidManifest.xml:13:13-77
177            android:authorities="com.example.money_grower.firebaseinitprovider"
177-->[com.google.firebase:firebase-common:17.0.0] AndroidManifest.xml:14:13-72
178            android:exported="false"
178-->[com.google.firebase:firebase-common:17.0.0] AndroidManifest.xml:15:13-37
179            android:initOrder="100" />
179-->[com.google.firebase:firebase-common:17.0.0] AndroidManifest.xml:16:13-36
180
181        <activity android:name="com.facebook.CustomTabMainActivity" />
181-->[com.facebook.android:facebook-common:5.5.1] AndroidManifest.xml:33:9-71
181-->[com.facebook.android:facebook-common:5.5.1] AndroidManifest.xml:33:19-68
182        <!--
183         The initialization ContentProvider will call FacebookSdk.sdkInitialize automatically
184         with the application context. This config is merged in with the host app's manifest,
185         but there can only be one provider with the same authority activated at any given
186         point; so if the end user has two or more different apps that use Facebook SDK, only the
187         first one will be able to use the provider. To work around this problem, we use the
188         following placeholder in the authority to identify each host application as if it was
189         a completely different provider.
190        -->
191        <provider
191-->[com.facebook.android:facebook-core:5.5.1] AndroidManifest.xml:39:9-42:40
192            android:name="com.facebook.internal.FacebookInitProvider"
192-->[com.facebook.android:facebook-core:5.5.1] AndroidManifest.xml:40:13-70
193            android:authorities="com.example.money_grower.FacebookInitProvider"
193-->[com.facebook.android:facebook-core:5.5.1] AndroidManifest.xml:41:13-72
194            android:exported="false" />
194-->[com.facebook.android:facebook-core:5.5.1] AndroidManifest.xml:42:13-37
195
196        <receiver
196-->[com.facebook.android:facebook-core:5.5.1] AndroidManifest.xml:44:9-50:20
197            android:name="com.facebook.CurrentAccessTokenExpirationBroadcastReceiver"
197-->[com.facebook.android:facebook-core:5.5.1] AndroidManifest.xml:45:13-86
198            android:exported="false" >
198-->[com.facebook.android:facebook-core:5.5.1] AndroidManifest.xml:46:13-37
199            <intent-filter>
199-->[com.facebook.android:facebook-core:5.5.1] AndroidManifest.xml:47:13-49:29
200                <action android:name="com.facebook.sdk.ACTION_CURRENT_ACCESS_TOKEN_CHANGED" />
200-->[com.facebook.android:facebook-core:5.5.1] AndroidManifest.xml:48:17-95
200-->[com.facebook.android:facebook-core:5.5.1] AndroidManifest.xml:48:25-92
201            </intent-filter>
202        </receiver>
203        <receiver
203-->[com.facebook.android:facebook-core:5.5.1] AndroidManifest.xml:51:9-58:20
204            android:name="com.facebook.CampaignTrackingReceiver"
204-->[com.facebook.android:facebook-core:5.5.1] AndroidManifest.xml:52:13-65
205            android:exported="true"
205-->[com.facebook.android:facebook-core:5.5.1] AndroidManifest.xml:53:13-36
206            android:permission="android.permission.INSTALL_PACKAGES" >
206-->[com.facebook.android:facebook-core:5.5.1] AndroidManifest.xml:54:13-69
207            <intent-filter>
207-->[com.facebook.android:facebook-core:5.5.1] AndroidManifest.xml:55:13-57:29
208                <action android:name="com.android.vending.INSTALL_REFERRER" />
208-->[com.facebook.android:facebook-core:5.5.1] AndroidManifest.xml:56:17-79
208-->[com.facebook.android:facebook-core:5.5.1] AndroidManifest.xml:56:25-76
209            </intent-filter>
210        </receiver>
211
212        <activity
212-->[com.google.android.gms:play-services-base:16.0.1] AndroidManifest.xml:23:9-26:75
213            android:name="com.google.android.gms.common.api.GoogleApiActivity"
213-->[com.google.android.gms:play-services-base:16.0.1] AndroidManifest.xml:24:13-79
214            android:exported="false"
214-->[com.google.android.gms:play-services-base:16.0.1] AndroidManifest.xml:25:13-37
215            android:theme="@android:style/Theme.Translucent.NoTitleBar" />
215-->[com.google.android.gms:play-services-base:16.0.1] AndroidManifest.xml:26:13-72
216
217        <receiver
217-->[com.google.android.gms:play-services-measurement:16.5.0] AndroidManifest.xml:29:9-33:20
218            android:name="com.google.android.gms.measurement.AppMeasurementReceiver"
218-->[com.google.android.gms:play-services-measurement:16.5.0] AndroidManifest.xml:30:13-85
219            android:enabled="true"
219-->[com.google.android.gms:play-services-measurement:16.5.0] AndroidManifest.xml:31:13-35
220            android:exported="false" >
220-->[com.google.android.gms:play-services-measurement:16.5.0] AndroidManifest.xml:32:13-37
221        </receiver>
222        <receiver
222-->[com.google.android.gms:play-services-measurement:16.5.0] AndroidManifest.xml:34:9-42:20
223            android:name="com.google.android.gms.measurement.AppMeasurementInstallReferrerReceiver"
223-->[com.google.android.gms:play-services-measurement:16.5.0] AndroidManifest.xml:35:13-100
224            android:enabled="true"
224-->[com.google.android.gms:play-services-measurement:16.5.0] AndroidManifest.xml:36:13-35
225            android:exported="true"
225-->[com.google.android.gms:play-services-measurement:16.5.0] AndroidManifest.xml:37:13-36
226            android:permission="android.permission.INSTALL_PACKAGES" >
226-->[com.google.android.gms:play-services-measurement:16.5.0] AndroidManifest.xml:38:13-69
227            <intent-filter>
227-->[com.facebook.android:facebook-core:5.5.1] AndroidManifest.xml:55:13-57:29
228                <action android:name="com.android.vending.INSTALL_REFERRER" />
228-->[com.facebook.android:facebook-core:5.5.1] AndroidManifest.xml:56:17-79
228-->[com.facebook.android:facebook-core:5.5.1] AndroidManifest.xml:56:25-76
229            </intent-filter>
230        </receiver>
231
232        <service
232-->[com.google.android.gms:play-services-measurement:16.5.0] AndroidManifest.xml:44:9-47:40
233            android:name="com.google.android.gms.measurement.AppMeasurementService"
233-->[com.google.android.gms:play-services-measurement:16.5.0] AndroidManifest.xml:45:13-84
234            android:enabled="true"
234-->[com.google.android.gms:play-services-measurement:16.5.0] AndroidManifest.xml:46:13-35
235            android:exported="false" />
235-->[com.google.android.gms:play-services-measurement:16.5.0] AndroidManifest.xml:47:13-37
236        <service
236-->[com.google.android.gms:play-services-measurement:16.5.0] AndroidManifest.xml:48:9-52:72
237            android:name="com.google.android.gms.measurement.AppMeasurementJobService"
237-->[com.google.android.gms:play-services-measurement:16.5.0] AndroidManifest.xml:49:13-87
238            android:enabled="true"
238-->[com.google.android.gms:play-services-measurement:16.5.0] AndroidManifest.xml:50:13-35
239            android:exported="false"
239-->[com.google.android.gms:play-services-measurement:16.5.0] AndroidManifest.xml:51:13-37
240            android:permission="android.permission.BIND_JOB_SERVICE" />
240-->[com.google.android.gms:play-services-measurement:16.5.0] AndroidManifest.xml:52:13-69
241
242        <meta-data
242-->[com.google.android.gms:play-services-basement:16.2.0] AndroidManifest.xml:23:9-25:69
243            android:name="com.google.android.gms.version"
243-->[com.google.android.gms:play-services-basement:16.2.0] AndroidManifest.xml:24:13-58
244            android:value="@integer/google_play_services_version" />
244-->[com.google.android.gms:play-services-basement:16.2.0] AndroidManifest.xml:25:13-66
245    </application>
246
247</manifest>